2025-01-10T00:32:10.241-05:00  INFO 18888 --- [maze-project] [main] n.b.m.m.MazeProjectApplicationTests      : Starting MazeProjectApplicationTests using Java 21.0.1 with PID 18888 (started by aarat in C:\Users\aarat\Downloads\maze-project)
2025-01-10T00:32:10.264-05:00  INFO 18888 --- [maze-project] [main] n.b.m.m.MazeProjectApplicationTests      : The following 1 profile is active: "prod"
2025-01-10T00:32:13.415-05:00  WARN 18888 --- [maze-project] [main] ion$DefaultTemplateResolverConfiguration : Cannot find template location: classpath:/templates/ (please add some templates, check your Thymeleaf configuration, or set spring.thymeleaf.check-template-location=false)
2025-01-10T00:32:13.663-05:00  INFO 18888 --- [maze-project] [main] n.b.m.m.MazeProjectApplicationTests      : Started MazeProjectApplicationTests in 4.262 seconds (process running for 6.714)
2025-01-10T10:09:58.976-05:00  INFO 20600 --- [maze-project] [restartedMain] n.b.m.m.MazeProjectApplication           : Starting MazeProjectApplication using Java 21.0.1 with PID 20600 (C:\Users\aarat\Downloads\maze-project\target\classes started by aarat in C:\Users\aarat\Downloads\maze-project)
2025-01-10T10:09:58.982-05:00  INFO 20600 --- [maze-project] [restartedMain] n.b.m.m.MazeProjectApplication           : The following 1 profile is active: "prod"
2025-01-10T10:09:59.130-05:00  INFO 20600 --- [maze-project] [restartedMain] .e.DevToolsPropertyDefaultsPostProcessor : Devtools property defaults active! Set 'spring.devtools.add-properties' to 'false' to disable
2025-01-10T10:09:59.131-05:00  INFO 20600 --- [maze-project] [restartedMain] .e.DevToolsPropertyDefaultsPostProcessor : For additional web related logging consider setting the 'logging.level.web' property to 'DEBUG'
2025-01-10T10:10:02.019-05:00  INFO 20600 --- [maze-project] [restartedMain] o.s.b.w.embedded.tomcat.TomcatWebServer  : Tomcat initialized with port 8080 (http)
2025-01-10T10:10:02.062-05:00  INFO 20600 --- [maze-project] [restartedMain] o.apache.catalina.core.StandardService   : Starting service [Tomcat]
2025-01-10T10:10:02.063-05:00  INFO 20600 --- [maze-project] [restartedMain] o.apache.catalina.core.StandardEngine    : Starting Servlet engine: [Apache Tomcat/10.1.34]
2025-01-10T10:10:02.164-05:00  INFO 20600 --- [maze-project] [restartedMain] o.a.c.c.C.[Tomcat].[localhost].[/]       : Initializing Spring embedded WebApplicationContext
2025-01-10T10:10:02.167-05:00  INFO 20600 --- [maze-project] [restartedMain] w.s.c.ServletWebServerApplicationContext : Root WebApplicationContext: initialization completed in 3034 ms
2025-01-10T10:10:03.016-05:00  WARN 20600 --- [maze-project] [restartedMain] ion$DefaultTemplateResolverConfiguration : Cannot find template location: classpath:/templates/ (please add some templates, check your Thymeleaf configuration, or set spring.thymeleaf.check-template-location=false)
2025-01-10T10:10:03.263-05:00  INFO 20600 --- [maze-project] [restartedMain] o.s.b.d.a.OptionalLiveReloadServer       : LiveReload server is running on port 35729
2025-01-10T10:10:03.348-05:00  INFO 20600 --- [maze-project] [restartedMain] o.s.b.w.embedded.tomcat.TomcatWebServer  : Tomcat started on port 8080 (http) with context path '/'
2025-01-10T10:10:03.386-05:00  INFO 20600 --- [maze-project] [restartedMain] n.b.m.m.MazeProjectApplication           : Started MazeProjectApplication in 5.557 seconds (process running for 6.686)
2025-01-10T10:10:21.099-05:00  INFO 20600 --- [maze-project] [http-nio-8080-exec-1] o.a.c.c.C.[Tomcat].[localhost].[/]       : Initializing Spring DispatcherServlet 'dispatcherServlet'
2025-01-10T10:10:21.100-05:00  INFO 20600 --- [maze-project] [http-nio-8080-exec-1] o.s.web.servlet.DispatcherServlet        : Initializing Servlet 'dispatcherServlet'
2025-01-10T10:10:21.102-05:00  INFO 20600 --- [maze-project] [http-nio-8080-exec-1] o.s.web.servlet.DispatcherServlet        : Completed initialization in 1 ms
2025-01-10T10:10:46.517-05:00  INFO 20600 --- [maze-project] [File Watcher] rtingClassPathChangeChangedEventListener : Restarting due to 1 class path change (0 additions, 0 deletions, 1 modification)
2025-01-10T10:10:46.529-05:00  INFO 20600 --- [maze-project] [Thread-5] o.s.b.w.e.tomcat.GracefulShutdown        : Commencing graceful shutdown. Waiting for active requests to complete
2025-01-10T10:10:46.577-05:00  INFO 20600 --- [maze-project] [tomcat-shutdown] o.s.b.w.e.tomcat.GracefulShutdown        : Graceful shutdown complete
2025-01-10T10:10:46.841-05:00  INFO 20600 --- [maze-project] [restartedMain] n.b.m.m.MazeProjectApplication           : Starting MazeProjectApplication using Java 21.0.1 with PID 20600 (C:\Users\aarat\Downloads\maze-project\target\classes started by aarat in C:\Users\aarat\Downloads\maze-project)
2025-01-10T10:10:46.843-05:00  INFO 20600 --- [maze-project] [restartedMain] n.b.m.m.MazeProjectApplication           : The following 1 profile is active: "prod"
2025-01-10T10:11:58.795-05:00  INFO 20308 --- [maze-project] [main] n.b.m.m.MazeProjectApplicationTests      : Starting MazeProjectApplicationTests using Java 21.0.1 with PID 20308 (started by aarat in C:\Users\aarat\Downloads\maze-project)
2025-01-10T10:11:58.800-05:00  INFO 20308 --- [maze-project] [main] n.b.m.m.MazeProjectApplicationTests      : The following 1 profile is active: "prod"
2025-01-10T10:12:01.796-05:00  WARN 20308 --- [maze-project] [main] ion$DefaultTemplateResolverConfiguration : Cannot find template location: classpath:/templates/ (please add some templates, check your Thymeleaf configuration, or set spring.thymeleaf.check-template-location=false)
2025-01-10T10:12:02.040-05:00  INFO 20308 --- [maze-project] [main] n.b.m.m.MazeProjectApplicationTests      : Started MazeProjectApplicationTests in 4.023 seconds (process running for 6.475)
